DEBUG:root:Args {'input': 'TestDicomfiles/', 'debug': True}
DEBUG:root:File Greensboro4.png
DEBUG:root:File Augusta1.png
DEBUG:root:File Greenbrier1.png
DEBUG:root:File Leymone4.png
DEBUG:root:File SouthShore2.png
DEBUG:root:File Insignia2.png
DEBUG:root:File Leymone5.png
DEBUG:root:File Westlake3.png
DEBUG:root:File Dearborn4.png
DEBUG:root:File KnoxvilleDT4.png
DEBUG:root:File Haverford3.png
DEBUG:root:File Waterbury5.png
DEBUG:root:File Catawba1.png
DEBUG:root:File CBH-Brandon2.png
DEBUG:root:File Haverford1.png
DEBUG:root:File KnoxvilleDT3.png
DEBUG:root:File Tradition2.png
DEBUG:root:File OldOrchard1.png
DEBUG:root:File Langhorne3.png
DEBUG:root:File Westlake1.png
DEBUG:root:File EaglesLanding5.png
DEBUG:root:File Tradition4.png
DEBUG:root:File SouthShore4.png
DEBUG:root:File Tradition1.png
DEBUG:root:File JensenBeach1.png
DEBUG:root:File Greenbrier5.png
DEBUG:root:File Jacksonville5.png
DEBUG:root:File AvinaWesterville2.png
DEBUG:root:File Birmingham5.png
DEBUG:root:File Griffin4.png
DEBUG:root:File Rubino1.png
DEBUG:root:File CBH-Brandon1.png
DEBUG:root:File Greensboro1.png
DEBUG:root:File Haverford2.png
DEBUG:root:File Syracuse2.png
DEBUG:root:File Leymone2.png
DEBUG:root:File Westlake2.png
DEBUG:root:File AvinaWesterville4.png
DEBUG:root:File Catawba5.png
DEBUG:root:File Langhorne5.png
DEBUG:root:File Dearborn1.png
DEBUG:root:File Bridgewater1.png
DEBUG:root:File Griffin5.png
DEBUG:root:File Haverford4.png
DEBUG:root:File Syracuse3.png
DEBUG:root:File Tradition3.png
DEBUG:root:File AvinaDublin1.png
DEBUG:root:File WinterPark4.png
DEBUG:root:File Tampa4.png
DEBUG:root:File Langhorne4.png
DEBUG:root:File Syracuse4.png
DEBUG:root:File Langhorne1.png
DEBUG:root:File Griffin1.png
DEBUG:root:File JensenBeach5.png
DEBUG:root:File Greenbrier2.png
DEBUG:root:File KnoxvilleDT2.png
DEBUG:root:File Waterbury4.png
DEBUG:root:File Contemporary1.png
DEBUG:root:File Limerick3.png
DEBUG:root:File Langhorne2.png
DEBUG:root:File Macon1.png
DEBUG:root:File Jacksonville4.png
DEBUG:root:File CentralClinic1.png
DEBUG:root:File Dearborn3.png
DEBUG:root:File Contemporary3.png
DEBUG:root:File Augusta3.png
DEBUG:root:File Paoli4.png
DEBUG:root:File Birmingham1.png
DEBUG:root:File Limerick5.png
DEBUG:root:File AvinaDublin2.png
DEBUG:root:File Greenbrier3.png
DEBUG:root:File Birmingham4.png
DEBUG:root:File JensenBeach3.png
DEBUG:root:File Jacksonville2.png
DEBUG:root:File Partners3.png
DEBUG:root:File Bridgewater2.png
DEBUG:root:File EastBrunswick1.png
DEBUG:root:File SouthShore1.png
DEBUG:root:File EastBrunswick2.png
DEBUG:root:File Lemoyne1.png
DEBUG:root:File WinterPark3.png
DEBUG:root:File Dearborn5.png
DEBUG:root:File CWC-Birmingham2.png
DEBUG:root:File SouthShore5.png
DEBUG:root:File JensenBeach2.png
DEBUG:root:File Paoli2.png
DEBUG:root:File Greensboro3.png
DEBUG:root:File Griffin3.png
DEBUG:root:File Birmingham2.png
DEBUG:root:File PSL2.png
DEBUG:root:File EasternCarolina1.png
DEBUG:root:File Leymone3.png
DEBUG:root:File Jacksonville3.png
DEBUG:root:File Augusta4.png
DEBUG:root:File Catawba2.png
DEBUG:root:File KnoxvilleDT5.png
DEBUG:root:File EasternCarolina5.png
DEBUG:root:File Insignia1.png
DEBUG:root:File Partners4.png
DEBUG:root:File Waterbury1.png
DEBUG:root:File Contemporary2.png
DEBUG:root:File Westlake4.png
DEBUG:root:File Paoli1.png
DEBUG:root:File EaglesLanding3.png
DEBUG:root:File Waterbury2.png
DEBUG:root:File Tampa2.png
DEBUG:root:File CWC-Birmingham3.png
DEBUG:root:File Birmingham3.png
DEBUG:root:File Augusta5.png
DEBUG:root:File Greensboro2.png
DEBUG:root:File Griffin2.png
DEBUG:root:File Westlake5.png
DEBUG:root:File Augusta2.png
DEBUG:root:File PSL1.png
DEBUG:root:File Paoli3.png
DEBUG:root:File Insignia4.png
DEBUG:root:File AvinaWesterville1.png
DEBUG:root:File Catawba4.png
DEBUG:root:File StPete1.png
DEBUG:root:File Dearborn2.png
DEBUG:root:File Tampa3.png
DEBUG:root:File RavenRidge1.png
DEBUG:root:File Partners2.png
DEBUG:root:File JensenBeach4.png
DEBUG:root:File Syracuse1.png
DEBUG:root:File OBGI2.png
DEBUG:root:File AvinaWesterville3.png
DEBUG:root:File Paoli5.png
DEBUG:root:File Tampa1.png
DEBUG:root:File Greenbrier4.png
DEBUG:root:File Waterbury3.png
DEBUG:root:File Minnetonka1.png
DEBUG:root:File Insignia3.png
DEBUG:root:File Limerick4.png
DEBUG:root:File SouthShore3.png
DEBUG:root:File Catawba3.png
DEBUG:root:File KnoxvilleDT1.png
WARNING:root:Taking images from FastPath directory
DEBUG:root:DCM Files [{'dicom': None, 'path': '/home/chris/code/hxscanner2023/FastPath/Greensboro4.png', 'image': array([[254, 254, 254, ..., 254, 254, 254],
       [254, 254, 254, ..., 254, 254, 254],
       [254, 254, 254, ..., 254, 254, 254],
       ...,
       [254, 254, 254, ..., 254, 254, 254],
       [254, 254, 254, ..., 254, 254, 254],
       [254, 254, 254, ..., 254, 254, 254]], dtype=uint8)}, {'dicom': None, 'path': '/home/chris/code/hxscanner2023/FastPath/Augusta1.png', 'image': array([[255, 255, 255, ..., 255, 255, 255],
       [255, 255, 255, ..., 255, 255, 255],
       [255, 255, 255, ..., 255, 255, 255],
       ...,
       [255, 255, 255, ..., 255, 255, 255],
       [255, 255, 255, ..., 255, 255, 255],
       [255, 255, 255, ..., 255, 255, 255]], dtype=uint8)}, {'dicom': None, 'path': '/home/chris/code/hxscanner2023/FastPath/Greenbrier1.png', 'image': array([[255, 255, 255, ..., 255, 255, 255],
       [255, 255, 255, ..., 255, 255, 255],
       [255, 255, 255, ..., 255, 255, 255],
       ...,
       [255, 255, 255, ..., 255, 255, 255],
       [255, 255, 255, ..., 255, 255, 255],
       [255, 255, 255, ..., 255, 255, 255]], dtype=uint8)}, {'dicom': None, 'path': '/home/chris/code/hxscanner2023/FastPath/Leymone4.png', 'image': array([[254, 254, 254, ..., 254, 254, 254],
       [254, 254, 254, ..., 254, 254, 254],
       [254, 254, 254, ..., 254, 254, 254],
       ...,
       [254, 254, 254, ..., 254, 254, 254],
       [254, 254, 254, ..., 254, 254, 254],
       [254, 254, 254, ..., 254, 254, 254]], dtype=uint8)}, {'dicom': None, 'path': '/home/chris/code/hxscanner2023/FastPath/SouthShore2.png', 'image': array([[254, 254, 254, ..., 254, 254, 254],
       [254, 254, 254, ..., 254, 254, 254],
       [254, 254, 254, ..., 254, 254, 254],
       ...,
       [254, 254, 254, ..., 254, 254, 254],
       [254, 254, 254, ..., 254, 254, 254],
       [254, 254, 254, ..., 254, 254, 254]], dtype=uint8)}, {'dicom': None, 'path': '/home/chris/code/hxscanner2023/FastPath/Insignia2.png', 'image': array([[255, 255, 255, ..., 255, 255, 255],
       [255, 255, 255, ..., 255, 255, 255],
       [255, 255, 255, ..., 255, 255, 255],
       ...,
       [255, 255, 255, ..., 181, 181, 181],
       [255, 255, 255, ..., 204, 204, 204],
       [255, 255, 255, ..., 231, 231, 231]], dtype=uint8)}, {'dicom': None, 'path': '/home/chris/code/hxscanner2023/FastPath/Leymone5.png', 'image': array([[254, 254, 254, ..., 254, 254, 254],
       [254, 254, 254, ..., 254, 254, 254],
       [254, 254, 254, ..., 254, 254, 254],
       ...,
       [254, 254, 254, ..., 254, 254, 254],
       [254, 254, 254, ..., 254, 254, 254],
       [254, 254, 254, ..., 254, 254, 254]], dtype=uint8)}, {'dicom': None, 'path': '/home/chris/code/hxscanner2023/FastPath/Westlake3.png', 'image': array([[255, 255, 255, ..., 255, 255, 255],
       [255, 255, 255, ..., 255, 255, 255],
       [255, 255, 255, ..., 255, 255, 255],
       ...,
       [255, 255, 255, ..., 255, 255, 255],
       [255, 255, 255, ..., 255, 255, 255],
       [255, 255, 255, ..., 255, 255, 255]], dtype=uint8)}, {'dicom': None, 'path': '/home/chris/code/hxscanner2023/FastPath/Dearborn4.png', 'image': array([[254, 254, 254, ..., 254, 254, 254],
       [254, 254, 254, ..., 254, 254, 254],
       [254, 254, 254, ..., 254, 254, 254],
       ...,
       [254, 254, 254, ..., 254, 254, 254],
       [254, 254, 254, ..., 254, 254, 254],
       [254, 254, 254, ..., 254, 254, 254]], dtype=uint8)}, {'dicom': None, 'path': '/home/chris/code/hxscanner2023/FastPath/KnoxvilleDT4.png', 'image': array([[255, 255, 255, ..., 255, 255, 255],
       [255, 255, 255, ..., 255, 255, 255],
       [255, 255, 255, ..., 255, 255, 255],
       ...,
       [255, 255, 255, ..., 255, 255, 255],
       [255, 255, 255, ..., 255, 255, 255],
       [255, 255, 255, ..., 255, 255, 255]], dtype=uint8)}, {'dicom': None, 'path': '/home/chris/code/hxscanner2023/FastPath/Haverford3.png', 'image': array([[254, 254, 254, ..., 255, 255, 255],
       [254, 254, 254, ..., 255, 255, 255],
       [254, 254, 254, ..., 255, 255, 255],
       ...,
       [255, 255, 255, ..., 158, 158, 158],
       [255, 255, 255, ..., 211, 211, 211],
       [255, 255, 255, ..., 239, 239, 239]], dtype=uint8)}, {'dicom': None, 'path': '/home/chris/code/hxscanner2023/FastPath/Waterbury5.png', 'image': array([[255, 255, 255, ..., 255, 255, 255],
       [255, 255, 255, ..., 255, 255, 255],
       [255, 255, 255, ..., 255, 255, 255],
       ...,
       [255, 255, 255, ..., 205, 205, 205],
       [255, 255, 255, ..., 183, 183, 183],
       [255, 255, 255, ..., 230, 230, 230]], dtype=uint8)}, {'dicom': None, 'path': '/home/chris/code/hxscanner2023/FastPath/Catawba1.png', 'image': array([[255, 255, 255, ..., 255, 255, 255],
       [255, 255, 255, ..., 255, 255, 255],
       [255, 255, 255, ..., 255, 255, 255],
       ...,
       [255, 255, 255, ..., 255, 255, 255],
       [255, 255, 255, ..., 255, 255, 255],
       [255, 255, 255, ..., 255, 255, 255]], dtype=uint8)}, {'dicom': None, 'path': '/home/chris/code/hxscanner2023/FastPath/CBH-Brandon2.png', 'image': array([[255, 255, 255, ..., 255, 255, 255],
       [255, 255, 255, ..., 255, 255, 255],
       [255, 255, 255, ..., 255, 255, 255],
       ...,
       [255, 255, 255, ..., 226, 226, 226],
       [255, 255, 255, ..., 170, 170, 170],
       [255, 255, 255, ..., 170, 170, 170]], dtype=uint8)}, {'dicom': None, 'path': '/home/chris/code/hxscanner2023/FastPath/Haverford1.png', 'image': array([[254, 254, 254, ..., 255, 255, 255],
       [254, 254, 254, ..., 255, 255, 255],
       [254, 254, 254, ..., 255, 255, 255],
       ...,
       [255, 255, 255, ..., 255, 255, 255],
       [255, 255, 255, ..., 255, 255, 255],
       [255, 255, 255, ..., 255, 255, 255]], dtype=uint8)}, {'dicom': None, 'path': '/home/chris/code/hxscanner2023/FastPath/KnoxvilleDT3.png', 'image': array([[255, 255, 255, ..., 255, 255, 255],
       [255, 255, 255, ..., 255, 255, 255],
       [255, 255, 255, ..., 255, 255, 255],
       ...,
       [255, 255, 255, ..., 254, 254, 254],
       [255, 255, 255, ..., 254, 254, 254],
       [255, 255, 255, ..., 255, 255, 255]], dtype=uint8)}, {'dicom': None, 'path': '/home/chris/code/hxscanner2023/FastPath/Tradition2.png', 'image': array([[255, 255, 255, ..., 255, 255, 255],
       [255, 255, 255, ..., 255, 255, 255],
       [255, 255, 255, ..., 255, 255, 255],
       ...,
       [255, 255, 255, ..., 255, 255, 255],
       [255, 255, 255, ..., 255, 255, 255],
       [255, 255, 255, ..., 255, 255, 255]], dtype=uint8)}, {'dicom': None, 'path': '/home/chris/code/hxscanner2023/FastPath/OldOrchard1.png', 'image': array([[255, 255, 255, ..., 255, 255, 255],
       [255, 255, 255, ..., 255, 255, 255],
       [255, 255, 255, ..., 255, 255, 255],
       ...,
       [255, 255, 255, ..., 219, 219, 219],
       [255, 255, 255, ..., 164, 164, 164],
       [255, 255, 255, ..., 223, 223, 223]], dtype=uint8)}, {'dicom': None, 'path': '/home/chris/code/hxscanner2023/FastPath/Langhorne3.png', 'image': array([[255, 255, 255, ..., 255, 255, 255],
       [255, 255, 255, ..., 255, 255, 255],
       [255, 255, 255, ..., 255, 255, 255],
       ...,
       [255, 255, 255, ..., 255, 255, 255],
       [255, 255, 255, ..., 255, 255, 255],
       [255, 255, 255, ..., 255, 255, 255]], dtype=uint8)}, {'dicom': None, 'path': '/home/chris/code/hxscanner2023/FastPath/Westlake1.png', 'image': array([[255, 255, 255, ..., 255, 255, 255],
       [255, 255, 255, ..., 255, 255, 255],
       [255, 255, 255, ..., 255, 255, 255],
       ...,
       [255, 255, 255, ..., 255, 255, 255],
       [255, 255, 255, ..., 255, 255, 255],
       [255, 255, 255, ..., 255, 255, 255]], dtype=uint8)}, {'dicom': None, 'path': '/home/chris/code/hxscanner2023/FastPath/EaglesLanding5.png', 'image': array([[255, 255, 255, ..., 255, 255, 255],
       [255, 255, 255, ..., 255, 255, 255],
       [255, 255, 255, ..., 255, 255, 255],
       ...,
       [255, 255, 255, ..., 255, 255, 255],
       [255, 255, 255, ..., 255, 255, 255],
       [255, 255, 255, ..., 255, 255, 255]], dtype=uint8)}, {'dicom': None, 'path': '/home/chris/code/hxscanner2023/FastPath/Tradition4.png', 'image': array([[255, 255, 255, ..., 255, 255, 255],
       [255, 255, 255, ..., 255, 255, 255],
       [255, 255, 255, ..., 255, 255, 255],
       ...,
       [255, 255, 255, ..., 255, 255, 255],
       [255, 255, 255, ..., 255, 255, 255],
       [255, 255, 255, ..., 255, 255, 255]], dtype=uint8)}, {'dicom': None, 'path': '/home/chris/code/hxscanner2023/FastPath/SouthShore4.png', 'image': array([[254, 254, 254, ..., 254, 254, 254],
       [254, 254, 254, ..., 254, 254, 254],
       [254, 254, 254, ..., 254, 254, 254],
       ...,
       [254, 254, 254, ..., 254, 254, 254],
       [254, 254, 254, ..., 254, 254, 254],
       [254, 254, 254, ..., 254, 254, 254]], dtype=uint8)}, {'dicom': None, 'path': '/home/chris/code/hxscanner2023/FastPath/Tradition1.png', 'image': array([[255, 255, 255, ..., 255, 255, 255],
       [255, 255, 255, ..., 255, 255, 255],
       [255, 255, 255, ..., 255, 255, 255],
       ...,
       [255, 255, 255, ..., 255, 255, 255],
       [255, 255, 255, ..., 255, 255, 255],
       [255, 255, 255, ..., 255, 255, 255]], dtype=uint8)}, {'dicom': None, 'path': '/home/chris/code/hxscanner2023/FastPath/JensenBeach1.png', 'image': array([[255, 255, 255, ..., 255, 255, 255],
       [255, 255, 255, ..., 255, 255, 255],
       [255, 255, 255, ..., 255, 255, 255],
       ...,
       [255, 255, 255, ..., 239, 239, 239],
       [255, 255, 255, ..., 221, 221, 221],
       [255, 255, 255, ..., 163, 163, 163]], dtype=uint8)}, {'dicom': None, 'path': '/home/chris/code/hxscanner2023/FastPath/Greenbrier5.png', 'image': array([[255, 255, 255, ..., 255, 255, 255],
       [255, 255, 255, ..., 255, 255, 255],
       [255, 255, 255, ..., 255, 255, 255],
       ...,
       [255, 255, 255, ..., 255, 255, 255],
       [255, 255, 255, ..., 255, 255, 255],
       [255, 255, 255, ..., 255, 255, 255]], dtype=uint8)}, {'dicom': None, 'path': '/home/chris/code/hxscanner2023/FastPath/Jacksonville5.png', 'image': array([[255, 255, 255, ..., 255, 255, 255],
       [255, 255, 255, ..., 255, 255, 255],
       [255, 255, 255, ..., 255, 255, 255],
       ...,
       [255, 255, 255, ..., 255, 255, 255],
       [255, 255, 255, ..., 255, 255, 255],
       [255, 255, 255, ..., 255, 255, 255]], dtype=uint8)}, {'dicom': None, 'path': '/home/chris/code/hxscanner2023/FastPath/AvinaWesterville2.png', 'image': array([[255, 255, 255, ..., 255, 255, 255],
       [255, 255, 255, ..., 255, 255, 255],
       [255, 255, 255, ..., 255, 255, 255],
       ...,
       [255, 255, 255, ..., 248, 248, 248],
       [255, 255, 255, ..., 254, 254, 254],
       [255, 255, 255, ..., 255, 255, 255]], dtype=uint8)}, {'dicom': None, 'path': '/home/chris/code/hxscanner2023/FastPath/Birmingham5.png', 'image': array([[254, 254, 254, ..., 254, 254, 254],
       [254, 254, 254, ..., 254, 254, 254],
       [254, 254, 254, ..., 254, 254, 254],
       ...,
       [254, 254, 254, ..., 254, 254, 254],
       [254, 254, 254, ..., 254, 254, 254],
       [254, 254, 254, ..., 254, 254, 254]], dtype=uint8)}, {'dicom': None, 'path': '/home/chris/code/hxscanner2023/FastPath/Griffin4.png', 'image': array([[255, 255, 255, ..., 255, 255, 255],
       [255, 255, 255, ..., 255, 255, 255],
       [255, 255, 255, ..., 255, 255, 255],
       ...,
       [255, 255, 255, ..., 255, 255, 255],
       [255, 255, 255, ..., 255, 255, 255],
       [255, 255, 255, ..., 255, 255, 255]], dtype=uint8)}, {'dicom': None, 'path': '/home/chris/code/hxscanner2023/FastPath/Rubino1.png', 'image': array([[254, 254, 254, ..., 254, 254, 254],
       [254, 254, 254, ..., 254, 254, 254],
       [254, 254, 254, ..., 254, 254, 254],
       ...,
       [254, 254, 254, ..., 254, 254, 254],
       [254, 254, 254, ..., 254, 254, 254],
       [254, 254, 254, ..., 254, 254, 254]], dtype=uint8)}, {'dicom': None, 'path': '/home/chris/code/hxscanner2023/FastPath/CBH-Brandon1.png', 'image': array([[255, 255, 255, ..., 255, 255, 255],
       [255, 255, 255, ..., 255, 255, 255],
       [255, 255, 255, ..., 255, 255, 255],
       ...,
       [174, 175, 177, ..., 255, 255, 255],
       [214, 215, 217, ..., 255, 255, 255],
       [234, 235, 237, ..., 255, 255, 255]], dtype=uint8)}, {'dicom': None, 'path': '/home/chris/code/hxscanner2023/FastPath/Greensboro1.png', 'image': array([[255, 255, 255, ..., 255, 255, 255],
       [255, 255, 255, ..., 255, 255, 255],
       [255, 255, 255, ..., 255, 255, 255],
       ...,
       [255, 255, 255, ..., 255, 255, 255],
       [255, 255, 255, ..., 255, 255, 255],
       [255, 255, 255, ..., 255, 255, 255]], dtype=uint8)}, {'dicom': None, 'path': '/home/chris/code/hxscanner2023/FastPath/Haverford2.png', 'image': array([[254, 254, 254, ..., 255, 255, 255],
       [254, 254, 254, ..., 255, 255, 255],
       [254, 254, 254, ..., 255, 255, 255],
       ...,
       [255, 255, 255, ..., 255, 255, 255],
       [255, 255, 255, ..., 255, 255, 255],
       [255, 255, 255, ..., 255, 255, 255]], dtype=uint8)}, {'dicom': None, 'path': '/home/chris/code/hxscanner2023/FastPath/Syracuse2.png', 'image': array([[255, 255, 255, ..., 255, 255, 255],
       [255, 255, 255, ..., 255, 255, 255],
       [255, 255, 255, ..., 255, 255, 255],
       ...,
       [255, 255, 255, ..., 255, 255, 255],
       [255, 255, 255, ..., 255, 255, 255],
       [255, 255, 255, ..., 255, 255, 255]], dtype=uint8)}, {'dicom': None, 'path': '/home/chris/code/hxscanner2023/FastPath/Leymone2.png', 'image': array([[254, 254, 254, ..., 254, 254, 254],
       [254, 254, 254, ..., 254, 254, 254],
       [254, 254, 254, ..., 254, 254, 254],
       ...,
       [254, 254, 254, ..., 254, 254, 254],
       [254, 254, 254, ..., 254, 254, 254],
       [254, 254, 254, ..., 254, 254, 254]], dtype=uint8)}, {'dicom': None, 'path': '/home/chris/code/hxscanner2023/FastPath/Westlake2.png', 'image': array([[255, 255, 255, ..., 255, 255, 255],
       [255, 255, 255, ..., 255, 255, 255],
       [255, 255, 255, ..., 255, 255, 255],
       ...,
       [255, 255, 255, ..., 255, 255, 255],
       [255, 255, 255, ..., 255, 255, 255],
       [255, 255, 255, ..., 255, 255, 255]], dtype=uint8)}, {'dicom': None, 'path': '/home/chris/code/hxscanner2023/FastPath/AvinaWesterville4.png', 'image': array([[255, 255, 255, ..., 255, 255, 255],
       [255, 255, 255, ..., 255, 255, 255],
       [255, 255, 255, ..., 255, 255, 255],
       ...,
       [255, 255, 255, ..., 255, 255, 255],
       [255, 255, 255, ..., 255, 255, 255],
       [255, 255, 255, ..., 255, 255, 255]], dtype=uint8)}, {'dicom': None, 'path': '/home/chris/code/hxscanner2023/FastPath/Catawba5.png', 'image': array([[254, 254, 254, ..., 254, 254, 254],
       [254, 254, 254, ..., 254, 254, 254],
       [254, 254, 254, ..., 254, 254, 254],
       ...,
       [254, 254, 254, ..., 254, 254, 254],
       [254, 254, 254, ..., 254, 254, 254],
       [254, 254, 254, ..., 254, 254, 254]], dtype=uint8)}, {'dicom': None, 'path': '/home/chris/code/hxscanner2023/FastPath/Langhorne5.png', 'image': array([[255, 255, 255, ..., 255, 255, 255],
       [255, 255, 255, ..., 255, 255, 255],
       [255, 255, 255, ..., 255, 255, 255],
       ...,
       [255, 255, 255, ..., 255, 255, 255],
       [255, 255, 255, ..., 255, 255, 255],
       [255, 255, 255, ..., 255, 255, 255]], dtype=uint8)}, {'dicom': None, 'path': '/home/chris/code/hxscanner2023/FastPath/Dearborn1.png', 'image': array([[254, 254, 254, ..., 254, 254, 254],
       [254, 254, 254, ..., 254, 254, 254],
       [254, 254, 254, ..., 254, 254, 254],
       ...,
       [254, 254, 254, ..., 254, 254, 254],
       [254, 254, 254, ..., 254, 254, 254],
       [254, 254, 254, ..., 254, 254, 254]], dtype=uint8)}, {'dicom': None, 'path': '/home/chris/code/hxscanner2023/FastPath/Bridgewater1.png', 'image': array([[255, 255, 255, ..., 255, 255, 255],
       [255, 255, 255, ..., 255, 255, 255],
       [255, 255, 255, ..., 255, 255, 255],
       ...,
       [255, 255, 255, ..., 255, 255, 255],
       [255, 255, 255, ..., 255, 255, 255],
       [255, 255, 255, ..., 255, 255, 255]], dtype=uint8)}, {'dicom': None, 'path': '/home/chris/code/hxscanner2023/FastPath/Griffin5.png', 'image': array([[255, 255, 255, ..., 255, 255, 255],
       [255, 255, 255, ..., 255, 255, 255],
       [255, 255, 255, ..., 255, 255, 255],
       ...,
       [255, 255, 255, ..., 255, 255, 255],
       [255, 255, 255, ..., 255, 255, 255],
       [255, 255, 255, ..., 255, 255, 255]], dtype=uint8)}, {'dicom': None, 'path': '/home/chris/code/hxscanner2023/FastPath/Haverford4.png', 'image': array([[254, 254, 254, ..., 255, 255, 255],
       [254, 254, 254, ..., 255, 255, 255],
       [254, 254, 254, ..., 255, 255, 255],
       ...,
       [255, 255, 255, ..., 255, 255, 255],
       [255, 255, 255, ..., 255, 255, 255],
       [255, 255, 255, ..., 255, 255, 255]], dtype=uint8)}, {'dicom': None, 'path': '/home/chris/code/hxscanner2023/FastPath/Syracuse3.png', 'image': array([[255, 255, 255, ..., 255, 255, 255],
       [255, 255, 255, ..., 255, 255, 255],
       [255, 255, 255, ..., 255, 255, 255],
       ...,
       [255, 255, 255, ..., 254, 254, 254],
       [255, 255, 255, ..., 254, 254, 254],
       [255, 255, 255, ..., 254, 254, 254]], dtype=uint8)}, {'dicom': None, 'path': '/home/chris/code/hxscanner2023/FastPath/Tradition3.png', 'image': array([[255, 255, 255, ..., 255, 255, 255],
       [255, 255, 255, ..., 255, 255, 255],
       [255, 255, 255, ..., 255, 255, 255],
       ...,
       [255, 255, 255, ..., 255, 255, 255],
       [255, 255, 255, ..., 255, 255, 255],
       [255, 255, 255, ..., 255, 255, 255]], dtype=uint8)}, {'dicom': None, 'path': '/home/chris/code/hxscanner2023/FastPath/AvinaDublin1.png', 'image': array([[255, 255, 255, ..., 255, 255, 255],
       [255, 255, 255, ..., 255, 255, 255],
       [255, 255, 255, ..., 255, 255, 255],
       ...,
       [255, 255, 255, ..., 255, 255, 255],
       [255, 255, 255, ..., 255, 255, 255],
       [255, 255, 255, ..., 255, 255, 255]], dtype=uint8)}, {'dicom': None, 'path': '/home/chris/code/hxscanner2023/FastPath/WinterPark4.png', 'image': array([[255, 255, 255, ..., 255, 255, 255],
       [255, 255, 255, ..., 255, 255, 255],
       [255, 255, 255, ..., 255, 255, 255],
       ...,
       [255, 255, 255, ..., 226, 226, 226],
       [255, 255, 255, ..., 254, 254, 254],
       [255, 255, 255, ..., 255, 255, 255]], dtype=uint8)}, {'dicom': None, 'path': '/home/chris/code/hxscanner2023/FastPath/Tampa4.png', 'image': array([[255, 255, 255, ..., 255, 255, 255],
       [255, 255, 255, ..., 255, 255, 255],
       [255, 255, 255, ..., 255, 255, 255],
       ...,
       [229, 229, 229, ..., 255, 255, 255],
       [181, 181, 181, ..., 255, 255, 255],
       [168, 168, 168, ..., 255, 255, 255]], dtype=uint8)}, {'dicom': None, 'path': '/home/chris/code/hxscanner2023/FastPath/Langhorne4.png', 'image': array([[255, 255, 255, ..., 255, 255, 255],
       [255, 255, 255, ..., 255, 255, 255],
       [255, 255, 255, ..., 255, 255, 255],
       ...,
       [255, 255, 255, ..., 255, 255, 255],
       [255, 255, 255, ..., 255, 255, 255],
       [255, 255, 255, ..., 255, 255, 255]], dtype=uint8)}, {'dicom': None, 'path': '/home/chris/code/hxscanner2023/FastPath/Syracuse4.png', 'image': array([[255, 255, 255, ..., 255, 255, 255],
       [255, 255, 255, ..., 255, 255, 255],
       [255, 255, 255, ..., 255, 255, 255],
       ...,
       [255, 255, 255, ..., 255, 255, 255],
       [255, 255, 255, ..., 255, 255, 255],
       [255, 255, 255, ..., 255, 255, 255]], dtype=uint8)}, {'dicom': None, 'path': '/home/chris/code/hxscanner2023/FastPath/Langhorne1.png', 'image': array([[255, 255, 255, ..., 255, 255, 255],
       [255, 255, 255, ..., 255, 255, 255],
       [255, 255, 255, ..., 255, 255, 255],
       ...,
       [255, 255, 255, ..., 254, 254, 254],
       [255, 255, 255, ..., 254, 254, 254],
       [255, 255, 255, ..., 254, 254, 254]], dtype=uint8)}, {'dicom': None, 'path': '/home/chris/code/hxscanner2023/FastPath/Griffin1.png', 'image': array([[255, 255, 255, ..., 255, 255, 255],
       [255, 255, 255, ..., 255, 255, 255],
       [255, 255, 255, ..., 255, 255, 255],
       ...,
       [255, 255, 255, ..., 255, 255, 255],
       [255, 255, 255, ..., 255, 255, 255],
       [255, 255, 255, ..., 255, 255, 255]], dtype=uint8)}, {'dicom': None, 'path': '/home/chris/code/hxscanner2023/FastPath/JensenBeach5.png', 'image': array([[255, 255, 255, ..., 255, 255, 255],
       [255, 255, 255, ..., 255, 255, 255],
       [255, 255, 255, ..., 255, 255, 255],
       ...,
       [255, 255, 255, ..., 255, 255, 255],
       [255, 255, 255, ..., 255, 255, 255],
       [255, 255, 255, ..., 255, 255, 255]], dtype=uint8)}, {'dicom': None, 'path': '/home/chris/code/hxscanner2023/FastPath/Greenbrier2.png', 'image': array([[255, 255, 255, ..., 255, 255, 255],
       [255, 255, 255, ..., 255, 255, 255],
       [255, 255, 255, ..., 255, 255, 255],
       ...,
       [255, 255, 255, ..., 255, 255, 255],
       [255, 255, 255, ..., 255, 255, 255],
       [255, 255, 255, ..., 255, 255, 255]], dtype=uint8)}, {'dicom': None, 'path': '/home/chris/code/hxscanner2023/FastPath/KnoxvilleDT2.png', 'image': array([[254, 254, 254, ..., 255, 255, 255],
       [254, 254, 254, ..., 255, 255, 255],
       [254, 254, 254, ..., 255, 255, 255],
       ...,
       [229, 229, 229, ..., 255, 255, 255],
       [180, 180, 180, ..., 255, 255, 255],
       [182, 182, 182, ..., 255, 255, 255]], dtype=uint8)}, {'dicom': None, 'path': '/home/chris/code/hxscanner2023/FastPath/Waterbury4.png', 'image': array([[255, 255, 255, ..., 255, 255, 255],
       [255, 255, 255, ..., 255, 255, 255],
       [255, 255, 255, ..., 255, 255, 255],
       ...,
       [255, 255, 255, ..., 255, 255, 255],
       [255, 255, 255, ..., 255, 255, 255],
       [255, 255, 255, ..., 255, 255, 255]], dtype=uint8)}, {'dicom': None, 'path': '/home/chris/code/hxscanner2023/FastPath/Contemporary1.png', 'image': array([[255, 255, 255, ..., 255, 255, 255],
       [255, 255, 255, ..., 255, 255, 255],
       [255, 255, 255, ..., 255, 255, 255],
       ...,
       [255, 255, 255, ..., 255, 255, 255],
       [255, 255, 255, ..., 255, 255, 255],
       [255, 255, 255, ..., 255, 255, 255]], dtype=uint8)}, {'dicom': None, 'path': '/home/chris/code/hxscanner2023/FastPath/Limerick3.png', 'image': array([[255, 255, 255, ..., 255, 255, 255],
       [255, 255, 255, ..., 255, 255, 255],
       [255, 255, 255, ..., 255, 255, 255],
       ...,
       [255, 255, 255, ..., 255, 255, 255],
       [255, 255, 255, ..., 255, 255, 255],
       [255, 255, 255, ..., 255, 255, 255]], dtype=uint8)}, {'dicom': None, 'path': '/home/chris/code/hxscanner2023/FastPath/Langhorne2.png', 'image': array([[255, 255, 255, ..., 255, 255, 255],
       [255, 255, 255, ..., 255, 255, 255],
       [255, 255, 255, ..., 255, 255, 255],
       ...,
       [255, 255, 255, ..., 255, 255, 255],
       [255, 255, 255, ..., 255, 255, 255],
       [255, 255, 255, ..., 255, 255, 255]], dtype=uint8)}, {'dicom': None, 'path': '/home/chris/code/hxscanner2023/FastPath/Macon1.png', 'image': array([[255, 255, 255, ..., 255, 255, 255],
       [255, 255, 255, ..., 255, 255, 255],
       [255, 255, 255, ..., 255, 255, 255],
       ...,
       [255, 255, 255, ..., 255, 255, 255],
       [255, 255, 255, ..., 255, 255, 255],
       [255, 255, 255, ..., 255, 255, 255]], dtype=uint8)}, {'dicom': None, 'path': '/home/chris/code/hxscanner2023/FastPath/Jacksonville4.png', 'image': array([[255, 255, 255, ..., 255, 255, 255],
       [255, 255, 255, ..., 255, 255, 255],
       [255, 255, 255, ..., 255, 255, 255],
       ...,
       [255, 255, 255, ..., 171, 171, 171],
       [255, 255, 255, ..., 212, 212, 212],
       [255, 255, 255, ..., 233, 233, 233]], dtype=uint8)}, {'dicom': None, 'path': '/home/chris/code/hxscanner2023/FastPath/CentralClinic1.png', 'image': array([[254, 254, 254, ..., 254, 254, 254],
       [254, 254, 254, ..., 254, 254, 254],
       [254, 254, 254, ..., 254, 254, 254],
       ...,
       [254, 254, 254, ..., 254, 254, 254],
       [254, 254, 254, ..., 254, 254, 254],
       [254, 254, 254, ..., 254, 254, 254]], dtype=uint8)}, {'dicom': None, 'path': '/home/chris/code/hxscanner2023/FastPath/Dearborn3.png', 'image': array([[254, 254, 254, ..., 254, 254, 254],
       [254, 254, 254, ..., 254, 254, 254],
       [254, 254, 254, ..., 254, 254, 254],
       ...,
       [254, 254, 254, ..., 254, 254, 254],
       [254, 254, 254, ..., 254, 254, 254],
       [254, 254, 254, ..., 254, 254, 254]], dtype=uint8)}, {'dicom': None, 'path': '/home/chris/code/hxscanner2023/FastPath/Contemporary3.png', 'image': array([[255, 255, 255, ..., 255, 255, 255],
       [255, 255, 255, ..., 255, 255, 255],
       [255, 255, 255, ..., 254, 252, 252],
       ...,
       [255, 255, 255, ..., 255, 255, 255],
       [255, 255, 255, ..., 255, 255, 255],
       [255, 255, 255, ..., 255, 255, 255]], dtype=uint8)}, {'dicom': None, 'path': '/home/chris/code/hxscanner2023/FastPath/Augusta3.png', 'image': array([[255, 255, 255, ..., 255, 255, 255],
       [255, 255, 255, ..., 255, 255, 255],
       [255, 255, 255, ..., 255, 255, 255],
       ...,
       [255, 255, 255, ..., 190, 190, 190],
       [255, 255, 255, ..., 249, 249, 249],
       [255, 255, 255, ..., 249, 249, 249]], dtype=uint8)}, {'dicom': None, 'path': '/home/chris/code/hxscanner2023/FastPath/Paoli4.png', 'image': array([[255, 255, 255, ..., 255, 255, 255],
       [255, 255, 255, ..., 255, 255, 255],
       [255, 255, 255, ..., 255, 255, 255],
       ...,
       [255, 255, 255, ..., 251, 251, 251],
       [255, 255, 255, ..., 251, 251, 251],
       [255, 255, 255, ..., 251, 251, 251]], dtype=uint8)}, {'dicom': None, 'path': '/home/chris/code/hxscanner2023/FastPath/Birmingham1.png', 'image': array([[254, 254, 254, ..., 254, 254, 254],
       [254, 254, 254, ..., 254, 254, 254],
       [254, 254, 254, ..., 254, 254, 254],
       ...,
       [254, 254, 254, ..., 254, 254, 254],
       [254, 254, 254, ..., 254, 254, 254],
       [254, 254, 254, ..., 254, 254, 254]], dtype=uint8)}, {'dicom': None, 'path': '/home/chris/code/hxscanner2023/FastPath/Limerick5.png', 'image': array([[255, 255, 255, ..., 255, 255, 255],
       [255, 255, 255, ..., 255, 255, 255],
       [255, 255, 255, ..., 255, 255, 255],
       ...,
       [255, 255, 255, ..., 248, 248, 248],
       [255, 255, 255, ..., 251, 251, 251],
       [255, 255, 255, ..., 254, 254, 254]], dtype=uint8)}, {'dicom': None, 'path': '/home/chris/code/hxscanner2023/FastPath/AvinaDublin2.png', 'image': array([[255, 255, 255, ..., 255, 255, 255],
       [255, 255, 255, ..., 255, 255, 255],
       [255, 255, 255, ..., 255, 255, 255],
       ...,
       [255, 255, 255, ..., 255, 255, 255],
       [255, 255, 255, ..., 255, 255, 255],
       [255, 255, 255, ..., 255, 255, 255]], dtype=uint8)}, {'dicom': None, 'path': '/home/chris/code/hxscanner2023/FastPath/Greenbrier3.png', 'image': array([[255, 255, 255, ..., 255, 255, 255],
       [255, 255, 255, ..., 255, 255, 255],
       [255, 255, 255, ..., 255, 255, 255],
       ...,
       [255, 255, 255, ..., 154, 154, 154],
       [255, 255, 255, ..., 217, 217, 217],
       [255, 255, 255, ..., 249, 249, 249]], dtype=uint8)}, {'dicom': None, 'path': '/home/chris/code/hxscanner2023/FastPath/Birmingham4.png', 'image': array([[254, 254, 254, ..., 254, 254, 254],
       [254, 254, 254, ..., 254, 254, 254],
       [254, 254, 254, ..., 254, 254, 254],
       ...,
       [254, 254, 254, ..., 254, 254, 254],
       [254, 254, 254, ..., 254, 254, 254],
       [254, 254, 254, ..., 254, 254, 254]], dtype=uint8)}, {'dicom': None, 'path': '/home/chris/code/hxscanner2023/FastPath/JensenBeach3.png', 'image': array([[255, 255, 255, ..., 254, 254, 254],
       [255, 255, 255, ..., 254, 254, 254],
       [255, 255, 255, ..., 254, 254, 254],
       ...,
       [255, 255, 255, ..., 252, 251, 251],
       [255, 255, 255, ..., 252, 250, 250],
       [255, 255, 255, ..., 252, 250, 250]], dtype=uint8)}, {'dicom': None, 'path': '/home/chris/code/hxscanner2023/FastPath/Jacksonville2.png', 'image': array([[255, 255, 255, ..., 255, 255, 255],
       [255, 255, 255, ..., 255, 255, 255],
       [255, 255, 255, ..., 255, 255, 255],
       ...,
       [255, 255, 255, ..., 255, 255, 255],
       [255, 255, 255, ..., 255, 255, 255],
       [255, 255, 255, ..., 255, 255, 255]], dtype=uint8)}, {'dicom': None, 'path': '/home/chris/code/hxscanner2023/FastPath/Partners3.png', 'image': array([[255, 255, 255, ..., 255, 255, 255],
       [255, 255, 255, ..., 255, 255, 255],
       [255, 255, 255, ..., 255, 255, 255],
       ...,
       [255, 255, 255, ..., 254, 254, 255],
       [255, 255, 255, ..., 253, 253, 254],
       [255, 255, 255, ..., 204, 204, 204]], dtype=uint8)}, {'dicom': None, 'path': '/home/chris/code/hxscanner2023/FastPath/Bridgewater2.png', 'image': array([[255, 255, 255, ..., 255, 255, 255],
       [255, 255, 255, ..., 255, 255, 255],
       [255, 255, 255, ..., 255, 255, 255],
       ...,
       [255, 255, 255, ..., 255, 255, 255],
       [255, 255, 255, ..., 255, 255, 255],
       [255, 255, 255, ..., 255, 255, 255]], dtype=uint8)}, {'dicom': None, 'path': '/home/chris/code/hxscanner2023/FastPath/EastBrunswick1.png', 'image': array([[255, 255, 255, ..., 255, 255, 255],
       [255, 255, 255, ..., 255, 255, 255],
       [255, 255, 255, ..., 255, 255, 255],
       ...,
       [255, 255, 255, ..., 255, 255, 255],
       [255, 255, 255, ..., 255, 255, 255],
       [255, 255, 255, ..., 255, 255, 255]], dtype=uint8)}, {'dicom': None, 'path': '/home/chris/code/hxscanner2023/FastPath/SouthShore1.png', 'image': array([[254, 254, 254, ..., 254, 254, 254],
       [254, 254, 254, ..., 254, 254, 254],
       [254, 254, 254, ..., 254, 254, 254],
       ...,
       [254, 254, 254, ..., 254, 254, 254],
       [254, 254, 254, ..., 254, 254, 254],
       [254, 254, 254, ..., 254, 254, 254]], dtype=uint8)}, {'dicom': None, 'path': '/home/chris/code/hxscanner2023/FastPath/EastBrunswick2.png', 'image': array([[255, 255, 255, ..., 255, 255, 255],
       [255, 255, 255, ..., 255, 255, 255],
       [255, 255, 255, ..., 255, 255, 255],
       ...,
       [255, 255, 255, ..., 255, 255, 255],
       [255, 255, 255, ..., 255, 255, 255],
       [255, 255, 255, ..., 255, 255, 255]], dtype=uint8)}, {'dicom': None, 'path': '/home/chris/code/hxscanner2023/FastPath/Lemoyne1.png', 'image': array([[254, 254, 254, ..., 254, 254, 254],
       [254, 254, 254, ..., 254, 254, 254],
       [254, 254, 254, ..., 254, 254, 254],
       ...,
       [254, 254, 254, ..., 254, 254, 254],
       [254, 254, 254, ..., 254, 254, 254],
       [254, 254, 254, ..., 254, 254, 254]], dtype=uint8)}, {'dicom': None, 'path': '/home/chris/code/hxscanner2023/FastPath/WinterPark3.png', 'image': array([[255, 255, 255, ..., 255, 255, 255],
       [255, 255, 255, ..., 255, 255, 255],
       [255, 255, 255, ..., 255, 255, 255],
       ...,
       [255, 255, 255, ..., 255, 255, 255],
       [255, 255, 255, ..., 255, 255, 255],
       [255, 255, 255, ..., 255, 255, 255]], dtype=uint8)}, {'dicom': None, 'path': '/home/chris/code/hxscanner2023/FastPath/Dearborn5.png', 'image': array([[254, 254, 254, ..., 254, 254, 254],
       [254, 254, 254, ..., 254, 254, 254],
       [254, 254, 254, ..., 254, 254, 254],
       ...,
       [254, 254, 254, ..., 254, 254, 254],
       [254, 254, 254, ..., 254, 254, 254],
       [254, 254, 254, ..., 254, 254, 254]], dtype=uint8)}, {'dicom': None, 'path': '/home/chris/code/hxscanner2023/FastPath/CWC-Birmingham2.png', 'image': array([[254, 254, 254, ..., 254, 254, 254],
       [254, 254, 254, ..., 254, 254, 254],
       [254, 254, 254, ..., 254, 254, 254],
       ...,
       [254, 254, 254, ..., 254, 254, 254],
       [254, 254, 254, ..., 254, 254, 254],
       [255, 255, 255, ..., 254, 254, 254]], dtype=uint8)}, {'dicom': None, 'path': '/home/chris/code/hxscanner2023/FastPath/SouthShore5.png', 'image': array([[254, 254, 254, ..., 254, 254, 254],
       [254, 254, 254, ..., 254, 254, 254],
       [254, 254, 254, ..., 254, 254, 254],
       ...,
       [254, 254, 254, ..., 254, 254, 254],
       [254, 254, 254, ..., 254, 254, 254],
       [254, 254, 254, ..., 254, 254, 254]], dtype=uint8)}, {'dicom': None, 'path': '/home/chris/code/hxscanner2023/FastPath/JensenBeach2.png', 'image': array([[255, 255, 255, ..., 255, 255, 255],
       [255, 255, 255, ..., 255, 255, 255],
       [255, 255, 255, ..., 255, 255, 255],
       ...,
       [255, 255, 255, ..., 252, 252, 252],
       [255, 255, 255, ..., 249, 249, 249],
       [255, 255, 255, ..., 252, 252, 252]], dtype=uint8)}, {'dicom': None, 'path': '/home/chris/code/hxscanner2023/FastPath/Paoli2.png', 'image': array([[255, 255, 255, ..., 255, 255, 255],
       [255, 255, 255, ..., 255, 255, 255],
       [255, 255, 255, ..., 255, 255, 255],
       ...,
       [255, 255, 255, ..., 251, 251, 251],
       [255, 255, 255, ..., 251, 251, 251],
       [255, 255, 255, ..., 251, 251, 251]], dtype=uint8)}, {'dicom': None, 'path': '/home/chris/code/hxscanner2023/FastPath/Greensboro3.png', 'image': array([[254, 254, 254, ..., 254, 254, 254],
       [254, 254, 254, ..., 254, 254, 254],
       [254, 254, 254, ..., 254, 254, 254],
       ...,
       [254, 254, 254, ..., 254, 254, 254],
       [254, 254, 254, ..., 254, 254, 254],
       [254, 254, 254, ..., 254, 254, 254]], dtype=uint8)}, {'dicom': None, 'path': '/home/chris/code/hxscanner2023/FastPath/Griffin3.png', 'image': array([[255, 255, 255, ..., 255, 255, 255],
       [255, 255, 255, ..., 255, 255, 255],
       [255, 255, 255, ..., 255, 255, 255],
       ...,
       [255, 255, 255, ..., 255, 255, 255],
       [255, 255, 255, ..., 255, 255, 255],
       [255, 255, 255, ..., 255, 255, 255]], dtype=uint8)}, {'dicom': None, 'path': '/home/chris/code/hxscanner2023/FastPath/Birmingham2.png', 'image': array([[254, 254, 254, ..., 253, 253, 253],
       [254, 254, 254, ..., 253, 253, 253],
       [254, 254, 254, ..., 253, 253, 253],
       ...,
       [254, 254, 254, ..., 254, 254, 254],
       [254, 254, 254, ..., 254, 254, 254],
       [254, 254, 254, ..., 254, 254, 254]], dtype=uint8)}, {'dicom': None, 'path': '/home/chris/code/hxscanner2023/FastPath/PSL2.png', 'image': array([[255, 255, 255, ..., 255, 255, 255],
       [255, 255, 255, ..., 255, 255, 255],
       [255, 255, 255, ..., 255, 255, 255],
       ...,
       [255, 255, 255, ..., 255, 255, 255],
       [255, 255, 255, ..., 255, 255, 255],
       [255, 255, 255, ..., 255, 255, 255]], dtype=uint8)}, {'dicom': None, 'path': '/home/chris/code/hxscanner2023/FastPath/EasternCarolina1.png', 'image': array([[255, 255, 255, ..., 255, 255, 255],
       [255, 255, 255, ..., 255, 255, 255],
       [255, 255, 255, ..., 255, 255, 255],
       ...,
       [255, 255, 255, ..., 255, 255, 255],
       [255, 255, 255, ..., 255, 255, 255],
       [255, 255, 255, ..., 255, 255, 255]], dtype=uint8)}, {'dicom': None, 'path': '/home/chris/code/hxscanner2023/FastPath/Leymone3.png', 'image': array([[254, 254, 254, ..., 254, 254, 254],
       [254, 254, 254, ..., 254, 254, 254],
       [254, 254, 254, ..., 254, 254, 254],
       ...,
       [254, 254, 254, ..., 254, 254, 254],
       [254, 254, 254, ..., 254, 254, 254],
       [254, 254, 254, ..., 254, 254, 254]], dtype=uint8)}, {'dicom': None, 'path': '/home/chris/code/hxscanner2023/FastPath/Jacksonville3.png', 'image': array([[255, 255, 255, ..., 255, 255, 255],
       [255, 255, 255, ..., 255, 255, 255],
       [255, 255, 255, ..., 255, 255, 255],
       ...,
       [255, 255, 255, ..., 255, 255, 255],
       [255, 255, 255, ..., 255, 255, 255],
       [255, 255, 255, ..., 255, 255, 255]], dtype=uint8)}, {'dicom': None, 'path': '/home/chris/code/hxscanner2023/FastPath/Augusta4.png', 'image': array([[255, 255, 255, ..., 255, 255, 255],
       [255, 255, 255, ..., 255, 255, 255],
       [255, 255, 255, ..., 255, 255, 255],
       ...,
       [255, 255, 255, ..., 255, 255, 255],
       [255, 255, 255, ..., 255, 255, 255],
       [255, 255, 255, ..., 255, 255, 255]], dtype=uint8)}, {'dicom': None, 'path': '/home/chris/code/hxscanner2023/FastPath/Catawba2.png', 'image': array([[255, 255, 255, ..., 255, 255, 255],
       [255, 255, 255, ..., 255, 255, 255],
       [255, 255, 255, ..., 255, 255, 255],
       ...,
       [255, 255, 255, ..., 255, 255, 255],
       [255, 255, 255, ..., 255, 255, 255],
       [255, 255, 255, ..., 255, 255, 255]], dtype=uint8)}, {'dicom': None, 'path': '/home/chris/code/hxscanner2023/FastPath/KnoxvilleDT5.png', 'image': array([[255, 255, 255, ..., 255, 255, 255],
       [255, 255, 255, ..., 255, 255, 255],
       [255, 255, 255, ..., 255, 255, 255],
       ...,
       [255, 255, 255, ..., 255, 255, 255],
       [255, 255, 255, ..., 255, 255, 255],
       [255, 255, 255, ..., 255, 255, 255]], dtype=uint8)}, {'dicom': None, 'path': '/home/chris/code/hxscanner2023/FastPath/EasternCarolina5.png', 'image': array([[255, 255, 255, ..., 255, 255, 255],
       [255, 255, 255, ..., 255, 255, 255],
       [255, 255, 255, ..., 255, 255, 255],
       ...,
       [255, 255, 255, ..., 189, 189, 189],
       [255, 255, 255, ..., 189, 189, 189],
       [255, 255, 255, ..., 190, 190, 190]], dtype=uint8)}, {'dicom': None, 'path': '/home/chris/code/hxscanner2023/FastPath/Insignia1.png', 'image': array([[255, 255, 255, ..., 255, 255, 255],
       [255, 255, 255, ..., 255, 255, 255],
       [255, 255, 255, ..., 255, 255, 255],
       ...,
       [255, 255, 255, ..., 255, 255, 255],
       [255, 255, 255, ..., 255, 255, 255],
       [255, 255, 255, ..., 255, 255, 255]], dtype=uint8)}, {'dicom': None, 'path': '/home/chris/code/hxscanner2023/FastPath/Partners4.png', 'image': array([[255, 255, 255, ..., 255, 255, 255],
       [255, 255, 255, ..., 255, 255, 255],
       [255, 255, 255, ..., 255, 255, 255],
       ...,
       [254, 254, 254, ..., 255, 255, 255],
       [254, 254, 254, ..., 255, 255, 255],
       [254, 254, 254, ..., 255, 255, 255]], dtype=uint8)}, {'dicom': None, 'path': '/home/chris/code/hxscanner2023/FastPath/Waterbury1.png', 'image': array([[255, 255, 255, ..., 255, 255, 255],
       [255, 255, 255, ..., 255, 255, 255],
       [255, 255, 255, ..., 255, 255, 255],
       ...,
       [255, 255, 255, ..., 255, 255, 255],
       [255, 255, 255, ..., 255, 255, 255],
       [255, 255, 255, ..., 237, 237, 237]], dtype=uint8)}, {'dicom': None, 'path': '/home/chris/code/hxscanner2023/FastPath/Contemporary2.png', 'image': array([[255, 255, 255, ..., 255, 255, 255],
       [255, 255, 255, ..., 255, 255, 255],
       [255, 255, 255, ..., 255, 255, 255],
       ...,
       [255, 255, 255, ..., 254, 254, 254],
       [255, 255, 255, ..., 215, 215, 215],
       [255, 255, 255, ..., 196, 196, 196]], dtype=uint8)}, {'dicom': None, 'path': '/home/chris/code/hxscanner2023/FastPath/Westlake4.png', 'image': array([[255, 255, 255, ..., 255, 255, 255],
       [255, 255, 255, ..., 255, 255, 255],
       [255, 255, 255, ..., 255, 255, 255],
       ...,
       [255, 255, 255, ..., 255, 255, 255],
       [255, 255, 255, ..., 255, 255, 255],
       [255, 255, 255, ..., 255, 255, 255]], dtype=uint8)}, {'dicom': None, 'path': '/home/chris/code/hxscanner2023/FastPath/Paoli1.png', 'image': array([[255, 255, 255, ..., 255, 255, 255],
       [255, 255, 255, ..., 255, 255, 255],
       [255, 255, 255, ..., 255, 255, 255],
       ...,
       [255, 255, 255, ..., 255, 255, 255],
       [255, 255, 255, ..., 255, 255, 255],
       [255, 255, 255, ..., 255, 255, 255]], dtype=uint8)}, {'dicom': None, 'path': '/home/chris/code/hxscanner2023/FastPath/EaglesLanding3.png', 'image': array([[255, 255, 255, ..., 255, 255, 255],
       [255, 255, 255, ..., 255, 255, 255],
       [255, 255, 255, ..., 255, 255, 255],
       ...,
       [255, 255, 255, ..., 255, 255, 255],
       [255, 255, 255, ..., 255, 255, 255],
       [255, 255, 255, ..., 255, 255, 255]], dtype=uint8)}, {'dicom': None, 'path': '/home/chris/code/hxscanner2023/FastPath/Waterbury2.png', 'image': array([[255, 255, 255, ..., 255, 255, 255],
       [255, 255, 255, ..., 255, 255, 255],
       [255, 255, 255, ..., 255, 255, 255],
       ...,
       [255, 255, 255, ..., 248, 248, 248],
       [255, 255, 255, ..., 252, 252, 252],
       [255, 255, 255, ..., 255, 255, 255]], dtype=uint8)}, {'dicom': None, 'path': '/home/chris/code/hxscanner2023/FastPath/Tampa2.png', 'image': array([[255, 255, 255, ..., 255, 255, 255],
       [255, 255, 255, ..., 255, 255, 255],
       [255, 255, 255, ..., 255, 255, 255],
       ...,
       [204, 204, 204, ..., 255, 255, 255],
       [154, 154, 154, ..., 255, 255, 255],
       [217, 217, 217, ..., 255, 255, 255]], dtype=uint8)}, {'dicom': None, 'path': '/home/chris/code/hxscanner2023/FastPath/CWC-Birmingham3.png', 'image': array([[255, 255, 255, ..., 254, 254, 254],
       [255, 255, 255, ..., 254, 254, 254],
       [255, 255, 255, ..., 254, 254, 254],
       ...,
       [255, 255, 255, ..., 254, 254, 254],
       [255, 255, 255, ..., 254, 254, 254],
       [255, 255, 255, ..., 255, 255, 255]], dtype=uint8)}, {'dicom': None, 'path': '/home/chris/code/hxscanner2023/FastPath/Birmingham3.png', 'image': array([[254, 254, 254, ..., 254, 254, 254],
       [254, 254, 254, ..., 254, 254, 254],
       [254, 254, 254, ..., 254, 254, 254],
       ...,
       [254, 254, 254, ..., 254, 254, 254],
       [254, 254, 254, ..., 254, 254, 254],
       [254, 254, 254, ..., 254, 254, 254]], dtype=uint8)}, {'dicom': None, 'path': '/home/chris/code/hxscanner2023/FastPath/Augusta5.png', 'image': array([[255, 255, 255, ..., 255, 255, 255],
       [255, 255, 255, ..., 255, 255, 255],
       [255, 255, 255, ..., 255, 255, 255],
       ...,
       [255, 255, 255, ..., 252, 252, 252],
       [255, 255, 255, ..., 254, 254, 254],
       [255, 255, 255, ..., 205, 205, 206]], dtype=uint8)}, {'dicom': None, 'path': '/home/chris/code/hxscanner2023/FastPath/Greensboro2.png', 'image': array([[255, 255, 255, ..., 254, 254, 254],
       [255, 255, 255, ..., 254, 254, 254],
       [255, 255, 255, ..., 254, 254, 254],
       ...,
       [255, 255, 255, ..., 254, 254, 254],
       [255, 255, 255, ..., 255, 255, 255],
       [255, 255, 255, ..., 255, 255, 255]], dtype=uint8)}, {'dicom': None, 'path': '/home/chris/code/hxscanner2023/FastPath/Griffin2.png', 'image': array([[255, 255, 255, ..., 255, 255, 255],
       [255, 255, 255, ..., 255, 255, 255],
       [255, 255, 255, ..., 255, 255, 255],
       ...,
       [255, 255, 255, ..., 255, 255, 255],
       [255, 255, 255, ..., 255, 255, 255],
       [255, 255, 255, ..., 255, 255, 255]], dtype=uint8)}, {'dicom': None, 'path': '/home/chris/code/hxscanner2023/FastPath/Westlake5.png', 'image': array([[255, 255, 255, ..., 255, 255, 255],
       [255, 255, 255, ..., 255, 255, 255],
       [255, 255, 255, ..., 255, 255, 255],
       ...,
       [255, 255, 255, ..., 255, 255, 255],
       [255, 255, 255, ..., 255, 255, 255],
       [255, 255, 255, ..., 255, 255, 255]], dtype=uint8)}, {'dicom': None, 'path': '/home/chris/code/hxscanner2023/FastPath/Augusta2.png', 'image': array([[255, 255, 255, ..., 255, 255, 255],
       [255, 255, 255, ..., 255, 255, 255],
       [255, 255, 255, ..., 255, 255, 255],
       ...,
       [255, 255, 255, ..., 190, 190, 190],
       [255, 255, 255, ..., 249, 249, 249],
       [255, 255, 255, ..., 249, 249, 249]], dtype=uint8)}, {'dicom': None, 'path': '/home/chris/code/hxscanner2023/FastPath/PSL1.png', 'image': array([[255, 255, 255, ..., 255, 255, 255],
       [255, 255, 255, ..., 255, 255, 255],
       [255, 255, 255, ..., 255, 255, 255],
       ...,
       [255, 255, 255, ..., 255, 255, 255],
       [255, 255, 255, ..., 255, 255, 255],
       [255, 255, 255, ..., 255, 255, 255]], dtype=uint8)}, {'dicom': None, 'path': '/home/chris/code/hxscanner2023/FastPath/Paoli3.png', 'image': array([[255, 255, 255, ..., 255, 255, 255],
       [255, 255, 255, ..., 255, 255, 255],
       [255, 255, 255, ..., 255, 255, 255],
       ...,
       [255, 255, 255, ..., 247, 247, 248],
       [255, 255, 255, ..., 191, 191, 192],
       [255, 255, 255, ..., 164, 164, 164]], dtype=uint8)}, {'dicom': None, 'path': '/home/chris/code/hxscanner2023/FastPath/Insignia4.png', 'image': array([[255, 255, 255, ..., 255, 255, 255],
       [255, 255, 255, ..., 255, 255, 255],
       [255, 255, 255, ..., 255, 255, 255],
       ...,
       [255, 255, 255, ..., 255, 255, 255],
       [255, 255, 255, ..., 255, 255, 255],
       [255, 255, 255, ..., 255, 255, 255]], dtype=uint8)}, {'dicom': None, 'path': '/home/chris/code/hxscanner2023/FastPath/AvinaWesterville1.png', 'image': array([[255, 255, 255, ..., 255, 255, 255],
       [255, 255, 255, ..., 255, 255, 255],
       [255, 255, 255, ..., 255, 255, 255],
       ...,
       [255, 255, 255, ..., 254, 254, 254],
       [255, 255, 255, ..., 254, 254, 254],
       [255, 255, 255, ..., 254, 254, 254]], dtype=uint8)}, {'dicom': None, 'path': '/home/chris/code/hxscanner2023/FastPath/Catawba4.png', 'image': array([[255, 255, 255, ..., 255, 255, 255],
       [255, 255, 255, ..., 255, 255, 255],
       [255, 255, 255, ..., 255, 255, 255],
       ...,
       [255, 255, 255, ..., 255, 255, 255],
       [255, 255, 255, ..., 255, 255, 255],
       [255, 255, 255, ..., 255, 255, 255]], dtype=uint8)}, {'dicom': None, 'path': '/home/chris/code/hxscanner2023/FastPath/StPete1.png', 'image': array([[255, 255, 255, ..., 255, 255, 255],
       [255, 255, 255, ..., 255, 255, 255],
       [255, 255, 255, ..., 255, 255, 255],
       ...,
       [255, 255, 255, ..., 255, 255, 255],
       [255, 255, 255, ..., 255, 255, 255],
       [255, 255, 255, ..., 255, 255, 255]], dtype=uint8)}, {'dicom': None, 'path': '/home/chris/code/hxscanner2023/FastPath/Dearborn2.png', 'image': array([[254, 254, 254, ..., 254, 254, 254],
       [254, 254, 254, ..., 254, 254, 254],
       [254, 254, 254, ..., 254, 254, 254],
       ...,
       [254, 254, 254, ..., 254, 254, 254],
       [254, 254, 254, ..., 254, 254, 254],
       [254, 254, 254, ..., 254, 254, 254]], dtype=uint8)}, {'dicom': None, 'path': '/home/chris/code/hxscanner2023/FastPath/Tampa3.png', 'image': array([[255, 255, 255, ..., 255, 255, 255],
       [255, 255, 255, ..., 255, 255, 255],
       [255, 255, 255, ..., 255, 255, 255],
       ...,
       [247, 247, 247, ..., 255, 255, 255],
       [245, 245, 245, ..., 255, 255, 255],
       [245, 245, 245, ..., 255, 255, 255]], dtype=uint8)}, {'dicom': None, 'path': '/home/chris/code/hxscanner2023/FastPath/RavenRidge1.png', 'image': array([[254, 254, 254, ..., 254, 254, 254],
       [254, 254, 254, ..., 254, 254, 254],
       [254, 254, 254, ..., 254, 254, 254],
       ...,
       [254, 254, 254, ..., 254, 254, 254],
       [254, 254, 254, ..., 254, 254, 254],
       [254, 254, 254, ..., 254, 254, 254]], dtype=uint8)}, {'dicom': None, 'path': '/home/chris/code/hxscanner2023/FastPath/Partners2.png', 'image': array([[255, 255, 255, ..., 255, 255, 255],
       [255, 255, 255, ..., 255, 255, 255],
       [255, 255, 255, ..., 255, 255, 255],
       ...,
       [254, 254, 254, ..., 255, 255, 255],
       [190, 190, 190, ..., 255, 255, 255],
       [159, 159, 159, ..., 255, 255, 255]], dtype=uint8)}, {'dicom': None, 'path': '/home/chris/code/hxscanner2023/FastPath/JensenBeach4.png', 'image': array([[255, 255, 255, ..., 254, 254, 254],
       [255, 255, 255, ..., 254, 254, 254],
       [255, 255, 255, ..., 254, 254, 254],
       ...,
       [255, 255, 255, ..., 252, 251, 251],
       [255, 255, 255, ..., 252, 250, 250],
       [255, 255, 255, ..., 252, 250, 250]], dtype=uint8)}, {'dicom': None, 'path': '/home/chris/code/hxscanner2023/FastPath/Syracuse1.png', 'image': array([[255, 255, 255, ..., 255, 255, 255],
       [255, 255, 255, ..., 255, 255, 255],
       [255, 255, 255, ..., 255, 255, 255],
       ...,
       [255, 255, 255, ..., 255, 255, 255],
       [255, 255, 255, ..., 255, 255, 255],
       [255, 255, 255, ..., 255, 255, 255]], dtype=uint8)}, {'dicom': None, 'path': '/home/chris/code/hxscanner2023/FastPath/OBGI2.png', 'image': array([[255, 255, 255, ..., 255, 255, 255],
       [255, 255, 255, ..., 255, 255, 255],
       [255, 255, 255, ..., 255, 255, 255],
       ...,
       [255, 255, 255, ..., 255, 255, 255],
       [255, 255, 255, ..., 255, 255, 255],
       [255, 255, 255, ..., 255, 255, 255]], dtype=uint8)}, {'dicom': None, 'path': '/home/chris/code/hxscanner2023/FastPath/AvinaWesterville3.png', 'image': array([[255, 255, 255, ..., 255, 255, 255],
       [255, 255, 255, ..., 255, 255, 255],
       [255, 255, 255, ..., 255, 255, 255],
       ...,
       [255, 255, 255, ..., 255, 255, 255],
       [255, 255, 255, ..., 255, 255, 255],
       [255, 255, 255, ..., 255, 255, 255]], dtype=uint8)}, {'dicom': None, 'path': '/home/chris/code/hxscanner2023/FastPath/Paoli5.png', 'image': array([[255, 255, 255, ..., 255, 255, 255],
       [255, 255, 255, ..., 255, 255, 255],
       [255, 255, 255, ..., 255, 255, 255],
       ...,
       [255, 255, 255, ..., 255, 255, 255],
       [255, 255, 255, ..., 255, 255, 255],
       [255, 255, 255, ..., 255, 255, 255]], dtype=uint8)}, {'dicom': None, 'path': '/home/chris/code/hxscanner2023/FastPath/Tampa1.png', 'image': array([[255, 255, 255, ..., 255, 255, 255],
       [255, 255, 255, ..., 255, 255, 255],
       [255, 255, 255, ..., 255, 255, 255],
       ...,
       [253, 253, 253, ..., 255, 255, 255],
       [208, 208, 208, ..., 255, 255, 255],
       [186, 186, 186, ..., 255, 255, 255]], dtype=uint8)}, {'dicom': None, 'path': '/home/chris/code/hxscanner2023/FastPath/Greenbrier4.png', 'image': array([[255, 255, 255, ..., 255, 255, 255],
       [255, 255, 255, ..., 255, 255, 255],
       [255, 255, 255, ..., 255, 255, 255],
       ...,
       [255, 255, 255, ..., 255, 255, 255],
       [255, 255, 255, ..., 255, 255, 255],
       [255, 255, 255, ..., 255, 255, 255]], dtype=uint8)}, {'dicom': None, 'path': '/home/chris/code/hxscanner2023/FastPath/Waterbury3.png', 'image': array([[255, 255, 255, ..., 255, 255, 255],
       [255, 255, 255, ..., 255, 255, 255],
       [255, 255, 255, ..., 255, 255, 255],
       ...,
       [255, 255, 255, ..., 254, 254, 254],
       [255, 255, 255, ..., 254, 254, 254],
       [255, 255, 255, ..., 254, 254, 254]], dtype=uint8)}, {'dicom': None, 'path': '/home/chris/code/hxscanner2023/FastPath/Minnetonka1.png', 'image': array([[255, 255, 255, ..., 255, 255, 255],
       [255, 255, 255, ..., 255, 255, 255],
       [255, 255, 255, ..., 255, 255, 255],
       ...,
       [255, 255, 255, ..., 255, 255, 255],
       [255, 255, 255, ..., 255, 255, 255],
       [255, 255, 255, ..., 255, 255, 255]], dtype=uint8)}, {'dicom': None, 'path': '/home/chris/code/hxscanner2023/FastPath/Insignia3.png', 'image': array([[255, 255, 255, ..., 255, 255, 255],
       [255, 255, 255, ..., 255, 255, 255],
       [255, 255, 255, ..., 255, 255, 255],
       ...,
       [255, 255, 255, ..., 254, 254, 254],
       [255, 255, 255, ..., 254, 254, 254],
       [255, 255, 255, ..., 254, 254, 254]], dtype=uint8)}, {'dicom': None, 'path': '/home/chris/code/hxscanner2023/FastPath/Limerick4.png', 'image': array([[255, 255, 255, ..., 255, 255, 255],
       [255, 255, 255, ..., 255, 255, 255],
       [255, 255, 255, ..., 255, 255, 255],
       ...,
       [255, 255, 255, ..., 255, 255, 255],
       [255, 255, 255, ..., 255, 255, 255],
       [255, 255, 255, ..., 255, 255, 255]], dtype=uint8)}, {'dicom': None, 'path': '/home/chris/code/hxscanner2023/FastPath/SouthShore3.png', 'image': array([[254, 254, 254, ..., 254, 254, 254],
       [254, 254, 254, ..., 254, 254, 254],
       [254, 254, 254, ..., 254, 254, 254],
       ...,
       [254, 254, 254, ..., 254, 254, 254],
       [254, 254, 254, ..., 254, 254, 254],
       [254, 254, 254, ..., 254, 254, 254]], dtype=uint8)}, {'dicom': None, 'path': '/home/chris/code/hxscanner2023/FastPath/Catawba3.png', 'image': array([[254, 254, 254, ..., 254, 254, 254],
       [254, 254, 254, ..., 254, 254, 254],
       [254, 254, 254, ..., 254, 254, 254],
       ...,
       [254, 254, 254, ..., 254, 254, 254],
       [254, 254, 254, ..., 254, 254, 254],
       [254, 254, 254, ..., 254, 254, 254]], dtype=uint8)}, {'dicom': None, 'path': '/home/chris/code/hxscanner2023/FastPath/KnoxvilleDT1.png', 'image': array([[255, 255, 255, ..., 255, 255, 255],
       [255, 255, 255, ..., 255, 255, 255],
       [255, 255, 255, ..., 255, 255, 255],
       ...,
       [255, 255, 255, ..., 255, 255, 255],
       [255, 255, 255, ..., 255, 255, 255],
       [255, 255, 255, ..., 255, 255, 255]], dtype=uint8)}]
DEBUG:root:OCR {'level': [1, 2, 3, 4, 5, 5, 5, 4, 5, 5, 5, 4, 5, 5, 5, 5, 5, 5, 5, 5, 5, 4, 5, 5, 5, 5, 5, 4, 5, 5, 5, 5, 5, 5, 5, 5, 5, 4, 5, 5, 5, 5, 5, 5, 5, 5, 5, 5, 5, 4, 5, 5, 5, 5, 5, 5, 5, 5, 4, 5, 5, 5, 5, 5, 5, 5, 5, 5, 5, 5, 5, 5, 5, 5, 5, 5, 5, 5, 5, 5, 5, 4, 5, 5, 5, 5, 5, 4, 5, 5, 5, 5, 5, 5, 5, 5, 5, 5, 5, 5, 5, 5, 4, 5, 5, 5, 5, 5, 5, 5, 5, 5, 5, 5, 5, 5, 5, 4, 5, 4, 5, 5, 5, 5, 5, 5, 5, 5, 5, 4, 5, 5, 5, 5, 5, 5, 5, 5, 5, 5, 4, 5, 5, 5, 5, 5, 5, 5, 5, 5, 4, 5, 5, 5, 5, 5, 5, 5, 5, 4, 5, 5, 5, 4, 5, 5, 5, 5, 5, 4, 5, 5, 5, 5, 5, 4, 5, 5, 5, 5, 5, 5, 5, 4, 5, 5, 5, 5, 5, 5, 5, 5, 5, 4, 5, 5, 5, 5, 5, 4, 5, 5, 5, 5, 5, 5, 4, 5, 5, 5, 4, 5, 5, 5, 5, 5, 5, 5, 5, 5, 5, 4, 5, 5, 5, 5, 5, 5, 5, 5, 5, 4, 5, 5, 5, 5, 5, 4, 5, 5, 5, 5, 5, 5, 5, 5, 4, 5, 5, 5, 5, 5, 5, 5, 5, 5, 4, 5, 5, 5, 5, 5, 5, 5, 5, 5, 5, 5, 5, 5, 5, 5, 5, 5, 5, 5, 5, 4, 5, 5, 5], 'page_num': [1, 1, 1, 1, 1, 1, 1, 1, 1, 1, 1, 1, 1, 1, 1, 1, 1, 1, 1, 1, 1, 1, 1, 1, 1, 1, 1, 1, 1, 1, 1, 1, 1, 1, 1, 1, 1, 1, 1, 1, 1, 1, 1, 1, 1, 1, 1, 1, 1, 1, 1, 1, 1, 1, 1, 1, 1, 1, 1, 1, 1, 1, 1, 1, 1, 1, 1, 1, 1, 1, 1, 1, 1, 1, 1, 1, 1, 1, 1, 1, 1, 1, 1, 1, 1, 1, 1, 1, 1, 1, 1, 1, 1, 1, 1, 1, 1, 1, 1, 1, 1, 1, 1, 1, 1, 1, 1, 1, 1, 1, 1, 1, 1, 1, 1, 1, 1, 1, 1, 1, 1, 1, 1, 1, 1, 1, 1, 1, 1, 1, 1, 1, 1, 1, 1, 1, 1, 1, 1, 1, 1, 1, 1, 1, 1, 1, 1, 1, 1, 1, 1, 1, 1, 1, 1, 1, 1, 1, 1, 1, 1, 1, 1, 1, 1, 1, 1, 1, 1, 1, 1, 1, 1, 1, 1, 1, 1, 1, 1, 1, 1, 1, 1, 1, 1, 1, 1, 1, 1, 1, 1, 1, 1, 1, 1, 1, 1, 1, 1, 1, 1, 1, 1, 1, 1, 1, 1, 1, 1, 1, 1, 1, 1, 1, 1, 1, 1, 1, 1, 1, 1, 1, 1, 1, 1, 1, 1, 1, 1, 1, 1, 1, 1, 1, 1, 1, 1, 1, 1, 1, 1, 1, 1, 1, 1, 1, 1, 1, 1, 1, 1, 1, 1, 1, 1, 1, 1, 1, 1, 1, 1, 1, 1, 1, 1, 1, 1, 1, 1, 1, 1, 1, 1, 1, 1, 1, 1, 1, 1, 1, 1], 'block_num': [0, 1, 1, 1, 1, 1, 1, 1, 1, 1, 1, 1, 1, 1, 1, 1, 1, 1, 1, 1, 1, 1, 1, 1, 1, 1, 1, 1, 1, 1, 1, 1, 1, 1, 1, 1, 1, 1, 1, 1, 1, 1, 1, 1, 1, 1, 1, 1, 1, 1, 1, 1, 1, 1, 1, 1, 1, 1, 1, 1, 1, 1, 1, 1, 1, 1, 1, 1, 1, 1, 1, 1, 1, 1, 1, 1, 1, 1, 1, 1, 1, 1, 1, 1, 1, 1, 1, 1, 1, 1, 1, 1, 1, 1, 1, 1, 1, 1, 1, 1, 1, 1, 1, 1, 1, 1, 1, 1, 1, 1, 1, 1, 1, 1, 1, 1, 1, 1, 1, 1, 1, 1, 1, 1, 1, 1, 1, 1, 1, 1, 1, 1, 1, 1, 1, 1, 1, 1, 1, 1, 1, 1, 1, 1, 1, 1, 1, 1, 1, 1, 1, 1, 1, 1, 1, 1, 1, 1, 1, 1, 1, 1, 1, 1, 1, 1, 1, 1, 1, 1, 1, 1, 1, 1, 1, 1, 1, 1, 1, 1, 1, 1, 1, 1, 1, 1, 1, 1, 1, 1, 1, 1, 1, 1, 1, 1, 1, 1, 1, 1, 1, 1, 1, 1, 1, 1, 1, 1, 1, 1, 1, 1, 1, 1, 1, 1, 1, 1, 1, 1, 1, 1, 1, 1, 1, 1, 1, 1, 1, 1, 1, 1, 1, 1, 1, 1, 1, 1, 1, 1, 1, 1, 1, 1, 1, 1, 1, 1, 1, 1, 1, 1, 1, 1, 1, 1, 1, 1, 1, 1, 1, 1, 1, 1, 1, 1, 1, 1, 1, 1, 1, 1, 1, 1, 1, 1, 1, 1, 1, 1, 1], 'par_num': [0, 0, 1, 1, 1, 1, 1, 1, 1, 1, 1, 1, 1, 1, 1, 1, 1, 1, 1, 1, 1, 1, 1, 1, 1, 1, 1, 1, 1, 1, 1, 1, 1, 1, 1, 1, 1, 1, 1, 1, 1, 1, 1, 1, 1, 1, 1, 1, 1, 1, 1, 1, 1, 1, 1, 1, 1, 1, 1, 1, 1, 1, 1, 1, 1, 1, 1, 1, 1, 1, 1, 1, 1, 1, 1, 1, 1, 1, 1, 1, 1, 1, 1, 1, 1, 1, 1, 1, 1, 1, 1, 1, 1, 1, 1, 1, 1, 1, 1, 1, 1, 1, 1, 1, 1, 1, 1, 1, 1, 1, 1, 1, 1, 1, 1, 1, 1, 1, 1, 1, 1, 1, 1, 1, 1, 1, 1, 1, 1, 1, 1, 1, 1, 1, 1, 1, 1, 1, 1, 1, 1, 1, 1, 1, 1, 1, 1, 1, 1, 1, 1, 1, 1, 1, 1, 1, 1, 1, 1, 1, 1, 1, 1, 1, 1, 1, 1, 1, 1, 1, 1, 1, 1, 1, 1, 1, 1, 1, 1, 1, 1, 1, 1, 1, 1, 1, 1, 1, 1, 1, 1, 1, 1, 1, 1, 1, 1, 1, 1, 1, 1, 1, 1, 1, 1, 1, 1, 1, 1, 1, 1, 1, 1, 1, 1, 1, 1, 1, 1, 1, 1, 1, 1, 1, 1, 1, 1, 1, 1, 1, 1, 1, 1, 1, 1, 1, 1, 1, 1, 1, 1, 1, 1, 1, 1, 1, 1, 1, 1, 1, 1, 1, 1, 1, 1, 1, 1, 1, 1, 1, 1, 1, 1, 1, 1, 1, 1, 1, 1, 1, 1, 1, 1, 1, 1, 1, 1, 1, 1, 1, 1], 'line_num': [0, 0, 0, 1, 1, 1, 1, 2, 2, 2, 2, 3, 3, 3, 3, 3, 3, 3, 3, 3, 3, 4, 4, 4, 4, 4, 4, 5, 5, 5, 5, 5, 5, 5, 5, 5, 5, 6, 6, 6, 6, 6, 6, 6, 6, 6, 6, 6, 6, 7, 7, 7, 7, 7, 7, 7, 7, 7, 8, 8, 8, 8, 8, 8, 8, 8, 8, 8, 8, 8, 8, 8, 8, 8, 8, 8, 8, 8, 8, 8, 8, 9, 9, 9, 9, 9, 9, 10, 10, 10, 10, 10, 10, 10, 10, 10, 10, 10, 10, 10, 10, 10, 11, 11, 11, 11, 11, 11, 11, 11, 11, 11, 11, 11, 11, 11, 11, 12, 12, 13, 13, 13, 13, 13, 13, 13, 13, 13, 13, 14, 14, 14, 14, 14, 14, 14, 14, 14, 14, 14, 15, 15, 15, 15, 15, 15, 15, 15, 15, 15, 16, 16, 16, 16, 16, 16, 16, 16, 16, 17, 17, 17, 17, 18, 18, 18, 18, 18, 18, 19, 19, 19, 19, 19, 19, 20, 20, 20, 20, 20, 20, 20, 20, 21, 21, 21, 21, 21, 21, 21, 21, 21, 21, 22, 22, 22, 22, 22, 22, 23, 23, 23, 23, 23, 23, 23, 24, 24, 24, 24, 25, 25, 25, 25, 25, 25, 25, 25, 25, 25, 25, 26, 26, 26, 26, 26, 26, 26, 26, 26, 26, 27, 27, 27, 27, 27, 27, 28, 28, 28, 28, 28, 28, 28, 28, 28, 29, 29, 29, 29, 29, 29, 29, 29, 29, 29, 30, 30, 30, 30, 30, 30, 30, 30, 30, 30, 30, 30, 30, 30, 30, 30, 30, 30, 30, 30, 30, 31, 31, 31, 31], 'word_num': [0, 0, 0, 0, 1, 2, 3, 0, 1, 2, 3, 0, 1, 2, 3, 4, 5, 6, 7, 8, 9, 0, 1, 2, 3, 4, 5, 0, 1, 2, 3, 4, 5, 6, 7, 8, 9, 0, 1, 2, 3, 4, 5, 6, 7, 8, 9, 10, 11, 0, 1, 2, 3, 4, 5, 6, 7, 8, 0, 1, 2, 3, 4, 5, 6, 7, 8, 9, 10, 11, 12, 13, 14, 15, 16, 17, 18, 19, 20, 21, 22, 0, 1, 2, 3, 4, 5, 0, 1, 2, 3, 4, 5, 6, 7, 8, 9, 10, 11, 12, 13, 14, 0, 1, 2, 3, 4, 5, 6, 7, 8, 9, 10, 11, 12, 13, 14, 0, 1, 0, 1, 2, 3, 4, 5, 6, 7, 8, 9, 0, 1, 2, 3, 4, 5, 6, 7, 8, 9, 10, 0, 1, 2, 3, 4, 5, 6, 7, 8, 9, 0, 1, 2, 3, 4, 5, 6, 7, 8, 0, 1, 2, 3, 0, 1, 2, 3, 4, 5, 0, 1, 2, 3, 4, 5, 0, 1, 2, 3, 4, 5, 6, 7, 0, 1, 2, 3, 4, 5, 6, 7, 8, 9, 0, 1, 2, 3, 4, 5, 0, 1, 2, 3, 4, 5, 6, 0, 1, 2, 3, 0, 1, 2, 3, 4, 5, 6, 7, 8, 9, 10, 0, 1, 2, 3, 4, 5, 6, 7, 8, 9, 0, 1, 2, 3, 4, 5, 0, 1, 2, 3, 4, 5, 6, 7, 8, 0, 1, 2, 3, 4, 5, 6, 7, 8, 9, 0, 1, 2, 3, 4, 5, 6, 7, 8, 9, 10, 11, 12, 13, 14, 15, 16, 17, 18, 19, 20, 0, 1, 2, 3], 'left': [0, 74, 94, 267, 267, 1587, 2043, 74, 74, 550, 1448, 112, 112, 313, 531, 1124, 1318, 1662, 1828, 1946, 2020, 112, 112, 312, 1124, 1661, 1926, 112, 112, 312, 452, 633, 818, 1048, 1124, 1499, 1690, 112, 112, 291, 398, 725, 773, 844, 957, 1048, 1102, 1150, 1222, 112, 112, 256, 478, 616, 989, 1095, 1167, 1651, 112, 112, 232, 320, 410, 444, 732, 784, 858, 1010, 1114, 1221, 1296, 1417, 1600, 1684, 1756, 1801, 1893, 1993, 2168, 2288, 2315, 112, 112, 199, 288, 1224, 1417, 112, 112, 199, 288, 428, 634, 908, 1224, 1417, 1506, 1570, 1613, 1703, 1772, 1874, 112, 112, 210, 309, 511, 615, 722, 1224, 1417, 1571, 1613, 1703, 1830, 2185, 2288, 1709, 1709, 112, 112, 242, 340, 436, 586, 1138, 1224, 1417, 1709, 112, 112, 242, 340, 435, 597, 658, 1224, 1417, 1710, 1829, 225, 225, 268, 356, 557, 645, 778, 897, 962, 1052, 926, 926, 1035, 1234, 1490, 1475, 1866, 1906, 2074, 112, 112, 264, 868, 112, 112, 224, 903, 963, 1060, 112, 112, 281, 890, 963, 1060, 112, 112, 303, 469, 570, 903, 974, 1067, 112, 112, 421, 513, 667, 906, 956, 1075, 1714, 2059, 112, 112, 339, 904, 1509, 2183, 113, 113, 904, 1069, 1803, 2001, 2207, 113, 113, 981, 1517, 114, 114, 908, 958, 1077, 1525, 1550, 1750, 1914, 2047, 2253, 114, 114, 263, 906, 1080, 1588, 1820, 1970, 2005, 2149, 115, 115, 269, 907, 1659, 1761, 144, 94, 397, 461, 583, 639, 874, 1294, 1730, 95, 95, 123, 401, 458, 581, 638, 866, 1291, 1740, 118, 118, 141, 308, 428, 470, 682, 793, 866, 975, 1144, 1185, 1249, 1387, 1516, 1582, 1638, 1815, 1856, 1928, 2105, 117, 117, 312, 1541], 'top': [0, 92, 66, 92, 137, 92, 94, 129, 129, 266, 259, 356, 403, 403, 403, 404, 406, 356, 382, 388, 393, 359, 472, 474, 473, 359, 361, 541, 542, 543, 541, 541, 541, 537, 543, 545, 547, 603, 643, 644, 644, 610, 646, 625, 603, 626, 622, 627, 639, 635, 721, 721, 635, 718, 700, 724, 724, 769, 756, 822, 832, 820, 832, 832, 823, 821, 822, 800, 823, 774, 770, 823, 870, 777, 809, 816, 820, 822, 756, 774, 776, 923, 924, 934, 923, 924, 924, 992, 993, 1004, 992, 994, 992, 993, 994, 994, 990, 995, 1007, 996, 997, 997, 1060, 1062, 1072, 1060, 1061, 1073, 1061, 1063, 1063, 1064, 1076, 1065, 1066, 1074, 1074, 1136, 1136, 1138, 1200, 1211, 1199, 1200, 1200, 1138, 1202, 1198, 1204, 1267, 1269, 1280, 1268, 1268, 1280, 1269, 1271, 1267, 1273, 1274, 1337, 1337, 1348, 1337, 1349, 1337, 1338, 1338, 1338, 1339, 1392, 1406, 1407, 1408, 1388, 1392, 1388, 1388, 1392, 1454, 1473, 1472, 1454, 1525, 1540, 1541, 1525, 1521, 1526, 1594, 1608, 1610, 1590, 1594, 1594, 1658, 1677, 1678, 1678, 1678, 1658, 1658, 1658, 1727, 1747, 1746, 1759, 1746, 1727, 1727, 1727, 1750, 1751, 1799, 1815, 1815, 1799, 1763, 1855, 1835, 1878, 1864, 1864, 1835, 1842, 1888, 1899, 1899, 1938, 1904, 1956, 2020, 2002, 2002, 2002, 2005, 2056, 1960, 1956, 2012, 2000, 2039, 2101, 2099, 2071, 2071, 2074, 2082, 2099, 2039, 2091, 2158, 2175, 2175, 2158, 2180, 2180, 2491, 2499, 2493, 2487, 2487, 2487, 2487, 2487, 2491, 2559, 2560, 2555, 2555, 2555, 2555, 2555, 2555, 2555, 2559, 2839, 2844, 2843, 2842, 2841, 2841, 2841, 2841, 2841, 2841, 2844, 2850, 2840, 2840, 2840, 2839, 2839, 2839, 2850, 2840, 2840, 2934, 2936, 2935, 2934], 'width': [2479, 2281, 2261, 1989, 34, 439, 213, 1378, 318, 241, 4, 1919, 144, 203, 135, 178, 117, 86, 68, 61, 11, 1820, 135, 172, 191, 149, 6, 1860, 100, 47, 166, 124, 203, 62, 231, 177, 282, 1171, 166, 94, 212, 23, 25, 51, 72, 32, 16, 48, 32, 1546, 130, 162, 116, 280, 85, 58, 281, 7, 2243, 107, 75, 76, 21, 275, 38, 61, 102, 84, 56, 54, 67, 158, 5, 51, 9, 22, 12, 116, 91, 11, 40, 1381, 74, 75, 202, 59, 76, 1870, 74, 75, 126, 193, 262, 188, 66, 77, 40, 31, 75, 57, 88, 108, 2214, 86, 85, 189, 91, 95, 161, 59, 76, 30, 75, 113, 275, 42, 38, 98, 98, 1817, 116, 83, 81, 137, 174, 77, 59, 76, 220, 1849, 116, 83, 81, 148, 46, 189, 59, 76, 105, 132, 1977, 32, 72, 187, 71, 119, 106, 48, 77, 111, 1403, 63, 59, 125, 128, 854, 40, 168, 255, 954, 139, 202, 198, 1360, 99, 235, 61, 98, 59, 1360, 155, 149, 66, 47, 59, 1362, 177, 149, 87, 153, 71, 75, 407, 1976, 293, 77, 140, 196, 38, 101, 400, 32, 29, 2096, 214, 185, 569, 70, 25, 2100, 329, 159, 156, 10, 10, 6, 2159, 257, 134, 148, 2169, 330, 38, 101, 400, 10, 95, 151, 115, 141, 30, 2096, 135, 226, 152, 134, 217, 46, 23, 6, 61, 1824, 137, 167, 569, 91, 390, 2136, 44, 35, 123, 49, 195, 316, 66, 11, 2238, 24, 254, 50, 124, 49, 197, 328, 66, 1, 2130, 13, 155, 109, 35, 204, 96, 60, 97, 155, 29, 52, 126, 116, 60, 52, 164, 35, 60, 172, 143, 1556, 179, 258, 132], 'height': [3229, 2900, 2926, 65, 14, 64, 63, 272, 272, 51, 3, 109, 37, 37, 37, 50, 37, 107, 71, 77, 64, 159, 37, 35, 39, 159, 124, 52, 49, 36, 39, 39, 39, 61, 50, 38, 45, 105, 47, 35, 46, 98, 48, 69, 94, 69, 73, 74, 56, 142, 35, 35, 139, 54, 76, 33, 50, 8, 122, 33, 35, 35, 23, 36, 32, 34, 46, 75, 33, 98, 106, 48, 3, 101, 12, 59, 55, 55, 84, 66, 82, 47, 33, 35, 47, 37, 37, 53, 33, 34, 47, 33, 47, 47, 36, 37, 59, 35, 36, 35, 35, 48, 56, 46, 24, 49, 35, 36, 36, 37, 38, 36, 36, 36, 50, 24, 25, 37, 37, 185, 36, 37, 37, 36, 37, 185, 36, 58, 50, 58, 36, 38, 37, 51, 26, 50, 37, 58, 37, 50, 56, 44, 38, 37, 38, 50, 37, 37, 37, 49, 69, 36, 35, 42, 96, 69, 96, 96, 69, 74, 36, 49, 74, 68, 50, 49, 66, 97, 66, 67, 38, 49, 97, 66, 66, 75, 51, 50, 47, 47, 75, 75, 75, 75, 49, 48, 25, 47, 75, 75, 75, 35, 35, 90, 38, 51, 68, 138, 34, 162, 61, 78, 78, 156, 155, 9, 157, 142, 66, 152, 165, 55, 75, 75, 75, 11, 28, 161, 144, 12, 79, 121, 36, 38, 89, 89, 44, 35, 18, 92, 24, 68, 38, 51, 67, 26, 35, 69, 57, 67, 97, 97, 97, 97, 97, 66, 70, 65, 98, 98, 98, 98, 98, 98, 98, 67, 44, 29, 31, 31, 42, 42, 42, 31, 40, 40, 27, 31, 31, 41, 31, 42, 42, 42, 31, 40, 41, 58, 42, 57, 41], 'conf': [-1, -1, -1, -1, 0, 96, 96, -1, 29, 28, 49, -1, 96, 95, 96, 90, 96, 38, 42, 36, 55, -1, 91, 22, 28, 31, 91, -1, 91, 73, 50, 95, 92, 34, 96, 93, 69, -1, 96, 92, 85, 43, 32, 0, 54, 5, 65, 69, 59, -1, 96, 96, 26, 96, 68, 96, 96, 29, -1, 95, 94, 96, 96, 95, 95, 95, 96, 67, 96, 62, 71, 75, 0, 43, 29, 0, 90, 96, 96, 77, 0, -1, 96, 96, 96, 96, 96, -1, 96, 96, 96, 96, 96, 96, 96, 76, 56, 87, 87, 96, 96, 96, -1, 96, 96, 96, 96, 96, 96, 96, 59, 55, 90, 91, 89, 74, 83, -1, 96, -1, 96, 96, 96, 96, 96, 0, 96, 96, 96, -1, 96, 96, 96, 96, 96, 96, 96, 96, 96, 97, -1, 85, 96, 96, 96, 96, 96, 96, 96, 96, -1, 73, 41, 25, 83, 42, 42, 86, 22, -1, 95, 95, 24, -1, 96, 95, 69, 84, 63, -1, 96, 96, 60, 82, 61, -1, 96, 96, 96, 96, 43, 34, 61, -1, 92, 96, 95, 95, 38, 57, 42, 92, 93, -1, 90, 96, 13, 0, 11, -1, 96, 24, 34, 93, 91, 78, -1, 95, 16, 35, -1, 96, 50, 50, 49, 49, 0, 40, 72, 26, 0, -1, 96, 95, 45, 33, 2, 2, 24, 93, 0, -1, 96, 94, 13, 45, 0, -1, 17, 75, 53, 53, 34, 30, 71, 47, -1, 16, 30, 41, 41, 72, 31, 26, 64, 37, -1, 89, 96, 96, 95, 95, 96, 96, 96, 96, 96, 96, 95, 95, 95, 95, 96, 96, 96, 96, 96, -1, 96, 96, 96], 'text': ['', '', '', '', '_', 'Mammography', 'History', '', '($)', 'meee', '|', '', 'Name:', 'SHERRY', 'COLE', 'Todays', 'Date:', 'O74', 'le', 'o-', '|', '', 'MRN:', '0067982', 'Phone#:', 'a', '|', '', 'Age:', '53', ' Dateof', 'Birth:', '3/18/1968', '_', 'Physician:', 'SUSAN', 'ALMQUIST', '', 'Primary', 'Care', 'Physicjan:', '4', '\\W', 'Gs', 'VV', 'v', '{', 'a', 'No', '', 'Please', 'Choose:', 'ven', 'Mammogram', '[|', '2D', 'Mammogram', ';', '', 'Have', 'you', 'had', 'a', 'mammogram', 'in', 'the', 'past?', '[|', 'No', 'A', 'ves', 'Facility:', '_', 'XX', ':', 'f', '}', 'Date:', '20', '|', 'p', '', 'Are', 'you', 'pregnant?', 'No', 'Yes', '', 'Are', 'you', 'taking', 'Hormone', 'Replacement', 'Therapy?', 'No', 'Yes', '_', 'If', 'yes,', 'for', 'how', 'long?', '', 'Any', 'new', 'problems', 'with', 'your', 'breasts?', 'No', 'Yes', 'If', 'yes,', 'check', 'allthatapply:', 'RT', 'LT', '', 'Pain', '', 'Have', 'you', 'had', 'Breast', 'Cancer?', 'F', 'No', 'Yes', 'Discharge', '', 'Have', 'you', 'had', 'biopsy', 'or', 'surgery?', 'No', 'Yes', 'New', 'Lump', '', 'If', 'you', 'answered', 'yes,', 'please', 'check', 'all', 'that', 'apply', '', 'RT', 'LT', 'Dates_|', 'Tech', 'Comments', '_|', 'Tech:', '|V7V__|', '', 'Breast', 'Implants', 'fot', '', 'Cyst', 'Aspiration', '|', '|', '|', '', 'Needle', 'Biopsy', '|', '|', '|', '', 'Surgical', 'Biopsy', '(not', 'cancer)', 'Fo', 'f', 'fo]', '', 'Lumpectomy', '(for', 'cancer', 'removal)', 'PF', 'of', 'fo]', 'R', 'L', '', 'Radiation', 'Therapy', 'TT', 'i', ':', '', 'Chemotherapy', 'Pf', 'fo', '|', '|', 'hk', '', 'Mastectomy', 'a', '|', '', 'Reconstruction', 'PF', 'of', 'fo]', '', 't', 'ay', 'bo', 'aL', 'y', '', 'Breast', 'Reduction', 'Pf', 'fo', 'NN', 'hat', '=', '|', '.', '', 'Other:', 'Explain', 'Dn]', 'la', 'attorney', '', 'P{sister', '|', '[No', '|', '|es|', "[Idon'tknow", '|', '|', '', 'J', '{Daughter', '|', '|No', '|', '|es|', "|Idon'tknow", '|', '|', '', 'I', 'authorize', 'release', 'of', 'information,', 'films,', 'and', 'copies', 'pertinent', 'to', 'my', 'medical', 'history', 'and', 'for', 'follow-up', 'of', 'any', 'suspicious', 'findings', '', 'Patient', 'Signature:', 'Date:']}
DEBUG:root:Found both questions in /home/chris/code/hxscanner2023/FastPath/Greensboro4.png
DEBUG:root:no_cancer_black: 241, yes_cancer_black: 0, no_surgery_black: 401, yes_surgery_black: 0
DEBUG:root:has_cacner: False, has_surgery: False
